#
# There is insufficient memory for the Java Runtime Environment to continue.
# Native memory allocation (mmap) failed to map 144703488 bytes for committing reserved memory.
# Possible reasons:
#   The system is out of physical RAM or swap space
#   In 32 bit mode, the process size limit was hit
# Possible solutions:
#   Reduce memory load on the system
#   Increase physical memory or swap space
#   Check if swap backing store is full
#   Use 64 bit Java on a 64 bit OS
#   Decrease Java heap size (-Xmx/-Xms)
#   Decrease number of Java threads
#   Decrease Java thread stack sizes (-Xss)
#   Set larger code cache with -XX:ReservedCodeCacheSize=
# This output file may be truncated or incomplete.
#
#  Out of Memory Error (os_linux.cpp:2627), pid=9171, tid=140367994898176
#
# JRE version: Java(TM) SE Runtime Environment (8.0_91-b14) (build 1.8.0_91-b14)
# Java VM: Java HotSpot(TM) 64-Bit Server VM (25.91-b14 mixed mode linux-amd64 compressed oops)
# Failed to write core dump. Core dumps have been disabled. To enable core dumping, try "ulimit -c unlimited" before starting Java again
#

---------------  T H R E A D  ---------------

Current thread (0x00007faa08078000):  VMThread [stack: 0x00007fa9f8694000,0x00007fa9f8795000] [id=9206]

Stack: [0x00007fa9f8694000,0x00007fa9f8795000],  sp=0x00007fa9f8792fa0,  free space=1019k
Native frames: (J=compiled Java code, j=interpreted, Vv=VM code, C=native code)
V  [libjvm.so+0xabc18a]  VMError::report_and_die()+0x2ba
V  [libjvm.so+0x4fafeb]  report_vm_out_of_memory(char const*, int, unsigned long, VMErrorType, char const*)+0x8b
V  [libjvm.so+0x91cbb3]  os::Linux::commit_memory_impl(char*, unsigned long, bool)+0x103
V  [libjvm.so+0x91d109]  os::pd_commit_memory(char*, unsigned long, unsigned long, bool)+0x29
V  [libjvm.so+0x91740a]  os::commit_memory(char*, unsigned long, unsigned long, bool)+0x2a
V  [libjvm.so+0x98b033]  PSVirtualSpace::expand_by(unsigned long)+0x53
V  [libjvm.so+0x98c438]  PSYoungGen::resize_generation(unsigned long, unsigned long)+0xf8
V  [libjvm.so+0x98b592]  PSYoungGen::resize(unsigned long, unsigned long)+0x22
V  [libjvm.so+0x98886b]  PSScavenge::invoke_no_policy()+0xf3b
V  [libjvm.so+0x988ff1]  PSScavenge::invoke()+0x41
V  [libjvm.so+0x9408b0]  ParallelScavengeHeap::failed_mem_allocate(unsigned long)+0x70
V  [libjvm.so+0xabdba7]  VM_ParallelGCFailedAllocation::doit()+0x97
V  [libjvm.so+0xac55d5]  VM_Operation::evaluate()+0x55
V  [libjvm.so+0xac39aa]  VMThread::evaluate_operation(VM_Operation*)+0xba
V  [libjvm.so+0xac3d2e]  VMThread::loop()+0x1ce
V  [libjvm.so+0xac41a0]  VMThread::run()+0x70
V  [libjvm.so+0x91ef78]  java_start(Thread*)+0x108

VM_Operation (0x00007fa9e913a0b0): ParallelGCFailedAllocation, mode: safepoint, requested by thread 0x00007faa081b0800


---------------  P R O C E S S  ---------------

Java Threads: ( => current thread )
  0x00007faa081b2000 JavaThread "pool-2-thread-4" [_thread_blocked, id=9259, stack(0x00007fa9e8f3a000,0x00007fa9e903b000)]
  0x00007faa081b0800 JavaThread "pool-2-thread-3" [_thread_blocked, id=9258, stack(0x00007fa9e903b000,0x00007fa9e913c000)]
  0x00007faa081ad800 JavaThread "pool-2-thread-2" [_thread_blocked, id=9255, stack(0x00007fa9e913c000,0x00007fa9e923d000)]
  0x00007faa081ab800 JavaThread "pool-3-thread-1" [_thread_blocked, id=9247, stack(0x00007fa9e923d000,0x00007fa9e933e000)]
  0x00007faa081a9000 JavaThread "pool-2-thread-1" [_thread_blocked, id=9245, stack(0x00007fa9e933e000,0x00007fa9e943f000)]
  0x00007faa080da000 JavaThread "Service Thread" daemon [_thread_blocked, id=9227, stack(0x00007fa9e9540000,0x00007fa9e9641000)]
  0x00007faa080bd000 JavaThread "C1 CompilerThread2" daemon [_thread_blocked, id=9222, stack(0x00007fa9f808e000,0x00007fa9f818f000)]
  0x00007faa080bb800 JavaThread "C2 CompilerThread1" daemon [_thread_blocked, id=9219, stack(0x00007fa9f818f000,0x00007fa9f8290000)]
  0x00007faa080b8800 JavaThread "C2 CompilerThread0" daemon [_thread_blocked, id=9218, stack(0x00007fa9f8290000,0x00007fa9f8391000)]
  0x00007faa080b7000 JavaThread "Signal Dispatcher" daemon [_thread_blocked, id=9217, stack(0x00007fa9f8391000,0x00007fa9f8492000)]
  0x00007faa08084000 JavaThread "Finalizer" daemon [_thread_blocked, id=9212, stack(0x00007fa9f8492000,0x00007fa9f8593000)]
  0x00007faa0807f800 JavaThread "Reference Handler" daemon [_thread_blocked, id=9208, stack(0x00007fa9f8593000,0x00007fa9f8694000)]
  0x00007faa0800a000 JavaThread "main" [_thread_blocked, id=9186, stack(0x00007faa10d5c000,0x00007faa10e5d000)]

Other Threads:
=>0x00007faa08078000 VMThread [stack: 0x00007fa9f8694000,0x00007fa9f8795000] [id=9206]
  0x00007faa080dd800 WatcherThread [stack: 0x00007fa9e943f000,0x00007fa9e9540000] [id=9230]

VM state:at safepoint (normal execution)

VM Mutex/Monitor currently owned by a thread:  ([mutex/lock_event])
[0x00007faa080064b0] Threads_lock - owner thread: 0x00007faa08078000
[0x00007faa080069b0] Heap_lock - owner thread: 0x00007faa081b0800

Heap:
 PSYoungGen      total 140288K, used 14836K [0x00000000eab00000, 0x00000000f4400000, 0x0000000100000000)
  eden space 125440K, 0% used [0x00000000eab00000,0x00000000eab00000,0x00000000f2580000)
  from space 14848K, 99% used [0x00000000f2580000,0x00000000f33fd188,0x00000000f3400000)
  to   space 13312K, 0% used [0x00000000f3400000,0x00000000f3400000,0x00000000f4100000)
 ParOldGen       total 42496K, used 35049K [0x00000000c0000000, 0x00000000c2980000, 0x00000000eab00000)
  object space 42496K, 82% used [0x00000000c0000000,0x00000000c223a6c8,0x00000000c2980000)
 Metaspace       used 6332K, capacity 7192K, committed 7424K, reserved 1056768K
  class space    used 613K, capacity 656K, committed 768K, reserved 1048576K

Card table byte_map: [0x00007faa0d90f000,0x00007faa0db10000] byte_map_base: 0x00007faa0d30f000

Marking Bits: (ParMarkBitMap*) 0x00007faa1022dd60
 Begin Bits: [0x00007fa9ea000000, 0x00007fa9eb000000)
 End Bits:   [0x00007fa9eb000000, 0x00007fa9ec000000)

Polling page: 0x00007faa10e7c000

CodeCache: size=245760Kb used=7142Kb max_used=7142Kb free=238617Kb
 bounds [0x00007fa9f9000000, 0x00007fa9f9710000, 0x00007faa08000000]
 total_blobs=2117 nmethods=1849 adapters=182
 compilation: enabled

Compilation events (10 events):
Event: 8.746 Thread 0x00007faa080b8800 2171       4       com.android.dx.util.IntList::binarysearch (124 bytes)
Event: 8.746 Thread 0x00007faa080bd000 2172       1       java.util.concurrent.locks.AbstractQueuedSynchronizer::compareAndSetState (13 bytes)
Event: 8.746 Thread 0x00007faa080bd000 nmethod 2172 0x00007fa9f96f0310 code [0x00007fa9f96f0460, 0x00007fa9f96f0590]
Event: 8.747 Thread 0x00007faa080bd000 2173 %     3       com.android.dx.dex.cf.CfTranslator::translate0 @ 141 (259 bytes)
Event: 8.750 Thread 0x00007faa080b8800 nmethod 2171 0x00007fa9f96f6510 code [0x00007fa9f96f6660, 0x00007fa9f96f6818]
Event: 8.751 Thread 0x00007faa080b8800 1483       4       com.android.dx.ssa.SsaRenamer$BlockRenamer::processResultReg (56 bytes)
Event: 8.752 Thread 0x00007faa080bd000 nmethod 2173% 0x00007fa9f96fb650 code [0x00007fa9f96fbae0, 0x00007fa9f96feb38]
Event: 8.752 Thread 0x00007faa080bd000 2174       2       com.android.dx.cf.direct.StdAttributeFactory::sourceFile (94 bytes)
Event: 8.760 Thread 0x00007faa080bd000 nmethod 2174 0x00007fa9f97009d0 code [0x00007fa9f9700ce0, 0x00007fa9f9701c48]
Event: 8.760 Thread 0x00007faa080bd000 2175 %     3       com.android.dx.ssa.SCCP::simulateBranch @ 615 (666 bytes)

GC Heap History (10 events):
Event: 2.579 GC heap after
Heap after GC invocations=2 (full 0):
 PSYoungGen      total 34304K, used 2535K [0x00000000eab00000, 0x00000000ecf00000, 0x0000000100000000)
  eden space 31744K, 0% used [0x00000000eab00000,0x00000000eab00000,0x00000000eca00000)
  from space 2560K, 99% used [0x00000000ecc80000,0x00000000ecef9c50,0x00000000ecf00000)
  to   space 2560K, 0% used [0x00000000eca00000,0x00000000eca00000,0x00000000ecc80000)
 ParOldGen       total 42496K, used 2700K [0x00000000c0000000, 0x00000000c2980000, 0x00000000eab00000)
  object space 42496K, 6% used [0x00000000c0000000,0x00000000c02a3118,0x00000000c2980000)
 Metaspace       used 5784K, capacity 6768K, committed 7040K, reserved 1056768K
  class space    used 592K, capacity 616K, committed 640K, reserved 1048576K
}
Event: 4.203 GC heap before
{Heap before GC invocations=3 (full 0):
 PSYoungGen      total 34304K, used 34279K [0x00000000eab00000, 0x00000000ecf00000, 0x0000000100000000)
  eden space 31744K, 100% used [0x00000000eab00000,0x00000000eca00000,0x00000000eca00000)
  from space 2560K, 99% used [0x00000000ecc80000,0x00000000ecef9c50,0x00000000ecf00000)
  to   space 2560K, 0% used [0x00000000eca00000,0x00000000eca00000,0x00000000ecc80000)
 ParOldGen       total 42496K, used 2700K [0x00000000c0000000, 0x00000000c2980000, 0x00000000eab00000)
  object space 42496K, 6% used [0x00000000c0000000,0x00000000c02a3118,0x00000000c2980000)
 Metaspace       used 5928K, capacity 6896K, committed 7040K, reserved 1056768K
  class space    used 593K, capacity 616K, committed 640K, reserved 1048576K
Event: 4.289 GC heap after
Heap after GC invocations=3 (full 0):
 PSYoungGen      total 34304K, used 2537K [0x00000000eab00000, 0x00000000eee00000, 0x0000000100000000)
  eden space 31744K, 0% used [0x00000000eab00000,0x00000000eab00000,0x00000000eca00000)
  from space 2560K, 99% used [0x00000000eca00000,0x00000000ecc7a578,0x00000000ecc80000)
  to   space 2560K, 0% used [0x00000000eeb80000,0x00000000eeb80000,0x00000000eee00000)
 ParOldGen       total 42496K, used 7558K [0x00000000c0000000, 0x00000000c2980000, 0x00000000eab00000)
  object space 42496K, 17% used [0x00000000c0000000,0x00000000c0761940,0x00000000c2980000)
 Metaspace       used 5928K, capacity 6896K, committed 7040K, reserved 1056768K
  class space    used 593K, capacity 616K, committed 640K, reserved 1048576K
}
Event: 4.892 GC heap before
{Heap before GC invocations=4 (full 0):
 PSYoungGen      total 34304K, used 34281K [0x00000000eab00000, 0x00000000eee00000, 0x0000000100000000)
  eden space 31744K, 100% used [0x00000000eab00000,0x00000000eca00000,0x00000000eca00000)
  from space 2560K, 99% used [0x00000000eca00000,0x00000000ecc7a578,0x00000000ecc80000)
  to   space 2560K, 0% used [0x00000000eeb80000,0x00000000eeb80000,0x00000000eee00000)
 ParOldGen       total 42496K, used 7558K [0x00000000c0000000, 0x00000000c2980000, 0x00000000eab00000)
  object space 42496K, 17% used [0x00000000c0000000,0x00000000c0761940,0x00000000c2980000)
 Metaspace       used 5959K, capacity 6960K, committed 7040K, reserved 1056768K
  class space    used 593K, capacity 616K, committed 640K, reserved 1048576K
Event: 4.977 GC heap after
Heap after GC invocations=4 (full 0):
 PSYoungGen      total 66048K, used 2551K [0x00000000eab00000, 0x00000000eee00000, 0x0000000100000000)
  eden space 63488K, 0% used [0x00000000eab00000,0x00000000eab00000,0x00000000ee900000)
  from space 2560K, 99% used [0x00000000eeb80000,0x00000000eedfdf60,0x00000000eee00000)
  to   space 2560K, 0% used [0x00000000ee900000,0x00000000ee900000,0x00000000eeb80000)
 ParOldGen       total 42496K, used 12443K [0x00000000c0000000, 0x00000000c2980000, 0x00000000eab00000)
  object space 42496K, 29% used [0x00000000c0000000,0x00000000c0c26f30,0x00000000c2980000)
 Metaspace       used 5959K, capacity 6960K, committed 7040K, reserved 1056768K
  class space    used 593K, capacity 616K, committed 640K, reserved 1048576K
}
Event: 5.749 GC heap before
{Heap before GC invocations=5 (full 0):
 PSYoungGen      total 66048K, used 66039K [0x00000000eab00000, 0x00000000eee00000, 0x0000000100000000)
  eden space 63488K, 100% used [0x00000000eab00000,0x00000000ee900000,0x00000000ee900000)
  from space 2560K, 99% used [0x00000000eeb80000,0x00000000eedfdf60,0x00000000eee00000)
  to   space 2560K, 0% used [0x00000000ee900000,0x00000000ee900000,0x00000000eeb80000)
 ParOldGen       total 42496K, used 12443K [0x00000000c0000000, 0x00000000c2980000, 0x00000000eab00000)
  object space 42496K, 29% used [0x00000000c0000000,0x00000000c0c26f30,0x00000000c2980000)
 Metaspace       used 6033K, capacity 7024K, committed 7296K, reserved 1056768K
  class space    used 593K, capacity 616K, committed 640K, reserved 1048576K
Event: 5.832 GC heap after
Heap after GC invocations=5 (full 0):
 PSYoungGen      total 66048K, used 2550K [0x00000000eab00000, 0x00000000f4100000, 0x0000000100000000)
  eden space 63488K, 0% used [0x00000000eab00000,0x00000000eab00000,0x00000000ee900000)
  from space 2560K, 99% used [0x00000000ee900000,0x00000000eeb7db50,0x00000000eeb80000)
  to   space 13312K, 0% used [0x00000000f3400000,0x00000000f3400000,0x00000000f4100000)
 ParOldGen       total 42496K, used 22433K [0x00000000c0000000, 0x00000000c2980000, 0x00000000eab00000)
  object space 42496K, 52% used [0x00000000c0000000,0x00000000c15e8510,0x00000000c2980000)
 Metaspace       used 6033K, capacity 7024K, committed 7296K, reserved 1056768K
  class space    used 593K, capacity 616K, committed 640K, reserved 1048576K
}
Event: 6.695 GC heap before
{Heap before GC invocations=6 (full 0):
 PSYoungGen      total 66048K, used 66038K [0x00000000eab00000, 0x00000000f4100000, 0x0000000100000000)
  eden space 63488K, 100% used [0x00000000eab00000,0x00000000ee900000,0x00000000ee900000)
  from space 2560K, 99% used [0x00000000ee900000,0x00000000eeb7db50,0x00000000eeb80000)
  to   space 13312K, 0% used [0x00000000f3400000,0x00000000f3400000,0x00000000f4100000)
 ParOldGen       total 42496K, used 22433K [0x00000000c0000000, 0x00000000c2980000, 0x00000000eab00000)
  object space 42496K, 52% used [0x00000000c0000000,0x00000000c15e8510,0x00000000c2980000)
 Metaspace       used 6184K, capacity 7064K, committed 7424K, reserved 1056768K
  class space    used 613K, capacity 656K, committed 768K, reserved 1048576K
Event: 6.914 GC heap after
Heap after GC invocations=6 (full 0):
 PSYoungGen      total 138752K, used 11021K [0x00000000eab00000, 0x00000000f4400000, 0x0000000100000000)
  eden space 125440K, 0% used [0x00000000eab00000,0x00000000eab00000,0x00000000f2580000)
  from space 13312K, 82% used [0x00000000f3400000,0x00000000f3ec3548,0x00000000f4100000)
  to   space 14848K, 0% used [0x00000000f2580000,0x00000000f2580000,0x00000000f3400000)
 ParOldGen       total 42496K, used 22433K [0x00000000c0000000, 0x00000000c2980000, 0x00000000eab00000)
  object space 42496K, 52% used [0x00000000c0000000,0x00000000c15e8510,0x00000000c2980000)
 Metaspace       used 6184K, capacity 7064K, committed 7424K, reserved 1056768K
  class space    used 613K, capacity 656K, committed 768K, reserved 1048576K
}
Event: 8.781 GC heap before
{Heap before GC invocations=7 (full 0):
 PSYoungGen      total 138752K, used 136461K [0x00000000eab00000, 0x00000000f4400000, 0x0000000100000000)
  eden space 125440K, 100% used [0x00000000eab00000,0x00000000f2580000,0x00000000f2580000)
  from space 13312K, 82% used [0x00000000f3400000,0x00000000f3ec3548,0x00000000f4100000)
  to   space 14848K, 0% used [0x00000000f2580000,0x00000000f2580000,0x00000000f3400000)
 ParOldGen       total 42496K, used 22433K [0x00000000c0000000, 0x00000000c2980000, 0x00000000eab00000)
  object space 42496K, 52% used [0x00000000c0000000,0x00000000c15e8510,0x00000000c2980000)
 Metaspace       used 6332K, capacity 7192K, committed 7424K, reserved 1056768K
  class space    used 613K, capacity 656K, committed 768K, reserved 1048576K

Deoptimization events (10 events):
Event: 4.978 Thread 0x00007faa0800a000 Uncommon trap: reason=unstable_if action=reinterpret pc=0x00007fa9f937dc44 method=com.android.dx.util.IntList.binarysearch(I)I @ 105
Event: 5.050 Thread 0x00007faa081b0800 Uncommon trap: reason=unstable_if action=reinterpret pc=0x00007fa9f94e0c74 method=com.android.dx.ssa.SCCP.simulateStmt(Lcom/android/dx/ssa/SsaInsn;)V @ 53
Event: 5.171 Thread 0x00007faa081ad800 Uncommon trap: reason=unstable_if action=reinterpret pc=0x00007fa9f932e93c method=com.android.dx.ssa.SsaMethod.updateOneDefinition(Lcom/android/dx/ssa/SsaInsn;Lcom/android/dx/rop/code/RegisterSpec;)V @ 4
Event: 6.049 Thread 0x00007faa0800a000 Uncommon trap: reason=bimorphic action=maybe_recompile pc=0x00007fa9f93ee12c method=java.util.HashMap.putVal(ILjava/lang/Object;Ljava/lang/Object;ZZ)Ljava/lang/Object; @ 203
Event: 6.049 Thread 0x00007faa0800a000 Uncommon trap: reason=bimorphic action=maybe_recompile pc=0x00007fa9f93ee12c method=java.util.HashMap.putVal(ILjava/lang/Object;Ljava/lang/Object;ZZ)Ljava/lang/Object; @ 203
Event: 6.099 Thread 0x00007faa0800a000 Uncommon trap: reason=unstable_if action=reinterpret pc=0x00007fa9f92775c0 method=java.util.HashMap.putVal(ILjava/lang/Object;Ljava/lang/Object;ZZ)Ljava/lang/Object; @ 162
Event: 6.185 Thread 0x00007faa0800a000 Uncommon trap: reason=unstable_if action=reinterpret pc=0x00007fa9f91f46ec method=java.util.HashMap.getNode(ILjava/lang/Object;)Ljava/util/HashMap$Node; @ 84
Event: 6.370 Thread 0x00007faa081a9000 Uncommon trap: reason=unstable_if action=reinterpret pc=0x00007fa9f93edc54 method=java.util.HashMap.putVal(ILjava/lang/Object;Ljava/lang/Object;ZZ)Ljava/lang/Object; @ 162
Event: 7.959 Thread 0x00007faa081b2000 Uncommon trap: reason=unstable_if action=reinterpret pc=0x00007fa9f93439c8 method=com.android.dx.dex.code.OutputFinisher.hasLocalInfo(Lcom/android/dx/dex/code/DalvInsn;)Z @ 24
Event: 8.223 Thread 0x00007faa081b2000 Uncommon trap: reason=unstable_if action=reinterpret pc=0x00007fa9f95b8ee4 method=com.android.dx.ssa.SCCP.simulateBranch(Lcom/android/dx/ssa/SsaInsn;)V @ 548

Internal exceptions (6 events):
Event: 0.056 Thread 0x00007faa0800a000 Exception <a 'java/lang/NoSuchMethodError': Method sun.misc.Unsafe.defineClass(Ljava/lang/String;[BII)Ljava/lang/Class; name or signature does not match> (0x00000000eab07cc0) thrown at [/HUDSON/workspace/8-2-build-linux-amd64/jdk8u91/6644/hotspot/src/shar
Event: 0.056 Thread 0x00007faa0800a000 Exception <a 'java/lang/NoSuchMethodError': Method sun.misc.Unsafe.prefetchRead(Ljava/lang/Object;J)V name or signature does not match> (0x00000000eab07fa8) thrown at [/HUDSON/workspace/8-2-build-linux-amd64/jdk8u91/6644/hotspot/src/share/vm/prims/jni.cpp
Event: 4.077 Thread 0x00007faa081b2000 Implicit null exception at 0x00007fa9f92c8f5c to 0x00007fa9f92cbf45
Event: 6.125 Thread 0x00007faa0800a000 Exception <a 'java/lang/ArrayIndexOutOfBoundsException': 18> (0x00000000ec0539e0) thrown at [/HUDSON/workspace/8-2-build-linux-amd64/jdk8u91/6644/hotspot/src/share/vm/interpreter/interpreterRuntime.cpp, line 366]
Event: 6.125 Thread 0x00007faa0800a000 Exception <a 'java/lang/ArrayIndexOutOfBoundsException': 145> (0x00000000ec055560) thrown at [/HUDSON/workspace/8-2-build-linux-amd64/jdk8u91/6644/hotspot/src/share/vm/interpreter/interpreterRuntime.cpp, line 366]
Event: 6.127 Thread 0x00007faa0800a000 Exception <a 'java/lang/ArrayIndexOutOfBoundsException': 40> (0x00000000ec056848) thrown at [/HUDSON/workspace/8-2-build-linux-amd64/jdk8u91/6644/hotspot/src/share/vm/interpreter/interpreterRuntime.cpp, line 366]

Events (10 events):
Event: 8.683 Thread 0x00007faa081a9000 DEOPT UNPACKING pc=0x00007fa9f9047633 sp=0x00007fa9e943c640 mode 0
Event: 8.702 Thread 0x00007faa081ad800 DEOPT PACKING pc=0x00007fa9f926c547 sp=0x00007fa9e923ab00
Event: 8.702 Thread 0x00007faa081ad800 DEOPT UNPACKING pc=0x00007fa9f9047633 sp=0x00007fa9e923a868 mode 0
Event: 8.711 Thread 0x00007faa0800a000 DEOPT PACKING pc=0x00007fa9f9599342 sp=0x00007faa10e5a470
Event: 8.711 Thread 0x00007faa0800a000 DEOPT UNPACKING pc=0x00007fa9f9047633 sp=0x00007faa10e5a1c0 mode 0
Event: 8.736 Thread 0x00007faa081b0800 DEOPT PACKING pc=0x00007fa9f953df2d sp=0x00007fa9e913a090
Event: 8.736 Thread 0x00007faa081b0800 DEOPT UNPACKING pc=0x00007fa9f9047633 sp=0x00007fa9e9139de8 mode 0
Event: 8.756 Thread 0x00007faa081b0800 DEOPT PACKING pc=0x00007fa9f92a368d sp=0x00007fa9e9139e00
Event: 8.756 Thread 0x00007faa081b0800 DEOPT UNPACKING pc=0x00007fa9f9047633 sp=0x00007fa9e9139b90 mode 0
Event: 8.778 Executing VM operation: ParallelGCFailedAllocation


Dynamic libraries:
00400000-00401000 r-xp 00000000 08:04 4989322                            /usr/lib/jvm/java-8-oracle/bin/java
00600000-00601000 rw-p 00000000 08:04 4989322                            /usr/lib/jvm/java-8-oracle/bin/java
011ba000-011db000 rw-p 00000000 00:00 0                                  [heap]
c0000000-c2980000 rw-p 00000000 00:00 0 
c2980000-eab00000 ---p 00000000 00:00 0 
eab00000-f4400000 rw-p 00000000 00:00 0 
fce00000-100000000 ---p 00000000 00:00 0 
100000000-1000c0000 rw-p 00000000 00:00 0 
1000c0000-140000000 ---p 00000000 00:00 0 
7fa9a8000000-7fa9a8021000 rw-p 00000000 00:00 0 
7fa9a8021000-7fa9ac000000 ---p 00000000 00:00 0 
7fa9b0000000-7fa9b0029000 rw-p 00000000 00:00 0 
7fa9b0029000-7fa9b4000000 ---p 00000000 00:00 0 
7fa9b4000000-7fa9b402b000 rw-p 00000000 00:00 0 
7fa9b402b000-7fa9b8000000 ---p 00000000 00:00 0 
7fa9b8000000-7fa9b8033000 rw-p 00000000 00:00 0 
7fa9b8033000-7fa9bc000000 ---p 00000000 00:00 0 
7fa9bc000000-7fa9bc021000 rw-p 00000000 00:00 0 
7fa9bc021000-7fa9c0000000 ---p 00000000 00:00 0 
7fa9c0000000-7fa9c0021000 rw-p 00000000 00:00 0 
7fa9c0021000-7fa9c4000000 ---p 00000000 00:00 0 
7fa9c4000000-7fa9c4021000 rw-p 00000000 00:00 0 
7fa9c4021000-7fa9c8000000 ---p 00000000 00:00 0 
7fa9c8000000-7fa9c88fc000 rw-p 00000000 00:00 0 
7fa9c88fc000-7fa9cc000000 ---p 00000000 00:00 0 
7fa9cc000000-7fa9cc74e000 rw-p 00000000 00:00 0 
7fa9cc74e000-7fa9d0000000 ---p 00000000 00:00 0 
7fa9d0000000-7fa9d0021000 rw-p 00000000 00:00 0 
7fa9d0021000-7fa9d4000000 ---p 00000000 00:00 0 
7fa9d4000000-7fa9d4756000 rw-p 00000000 00:00 0 
7fa9d4756000-7fa9d8000000 ---p 00000000 00:00 0 
7fa9d8000000-7fa9d8021000 rw-p 00000000 00:00 0 
7fa9d8021000-7fa9dc000000 ---p 00000000 00:00 0 
7fa9dc000000-7fa9dc021000 rw-p 00000000 00:00 0 
7fa9dc021000-7fa9e0000000 ---p 00000000 00:00 0 
7fa9e0000000-7fa9e028d000 rw-p 00000000 00:00 0 
7fa9e028d000-7fa9e4000000 ---p 00000000 00:00 0 
7fa9e4000000-7fa9e4021000 rw-p 00000000 00:00 0 
7fa9e4021000-7fa9e8000000 ---p 00000000 00:00 0 
7fa9e8f3a000-7fa9e8f3d000 ---p 00000000 00:00 0 
7fa9e8f3d000-7fa9e903b000 rw-p 00000000 00:00 0 
7fa9e903b000-7fa9e903e000 ---p 00000000 00:00 0 
7fa9e903e000-7fa9e913c000 rw-p 00000000 00:00 0 
7fa9e913c000-7fa9e913f000 ---p 00000000 00:00 0 
7fa9e913f000-7fa9e923d000 rw-p 00000000 00:00 0 
7fa9e923d000-7fa9e9240000 ---p 00000000 00:00 0 
7fa9e9240000-7fa9e933e000 rw-p 00000000 00:00 0 
7fa9e933e000-7fa9e9341000 ---p 00000000 00:00 0 
7fa9e9341000-7fa9e943f000 rw-p 00000000 00:00 0 
7fa9e943f000-7fa9e9440000 ---p 00000000 00:00 0 
7fa9e9440000-7fa9e9540000 rw-p 00000000 00:00 0 
7fa9e9540000-7fa9e9543000 ---p 00000000 00:00 0 
7fa9e9543000-7fa9e9641000 rw-p 00000000 00:00 0 
7fa9e9641000-7fa9ea000000 r--p 00000000 08:04 4988658                    /usr/lib/locale/locale-archive
7fa9ea000000-7fa9ec000000 rw-p 00000000 00:00 0 
7fa9ec000000-7fa9ec021000 rw-p 00000000 00:00 0 
7fa9ec021000-7fa9f0000000 ---p 00000000 00:00 0 
7fa9f0000000-7fa9f0021000 rw-p 00000000 00:00 0 
7fa9f0021000-7fa9f4000000 ---p 00000000 00:00 0 
7fa9f4000000-7fa9f4021000 rw-p 00000000 00:00 0 
7fa9f4021000-7fa9f8000000 ---p 00000000 00:00 0 
7fa9f808e000-7fa9f8091000 ---p 00000000 00:00 0 
7fa9f8091000-7fa9f818f000 rw-p 00000000 00:00 0 
7fa9f818f000-7fa9f8192000 ---p 00000000 00:00 0 
7fa9f8192000-7fa9f8290000 rw-p 00000000 00:00 0 
7fa9f8290000-7fa9f8293000 ---p 00000000 00:00 0 
7fa9f8293000-7fa9f8391000 rw-p 00000000 00:00 0 
7fa9f8391000-7fa9f8394000 ---p 00000000 00:00 0 
7fa9f8394000-7fa9f8492000 rw-p 00000000 00:00 0 
7fa9f8492000-7fa9f8495000 ---p 00000000 00:00 0 
7fa9f8495000-7fa9f8593000 rw-p 00000000 00:00 0 
7fa9f8593000-7fa9f8596000 ---p 00000000 00:00 0 
7fa9f8596000-7fa9f8694000 rw-p 00000000 00:00 0 
7fa9f8694000-7fa9f8695000 ---p 00000000 00:00 0 
7fa9f8695000-7fa9f9000000 rw-p 00000000 00:00 0 
7fa9f9000000-7fa9f9710000 rwxp 00000000 00:00 0 
7fa9f9710000-7faa08000000 ---p 00000000 00:00 0 
7faa08000000-7faa083a9000 rw-p 00000000 00:00 0 
7faa083a9000-7faa0c000000 ---p 00000000 00:00 0 
7faa0c006000-7faa0c010000 r--s 00097000 08:04 11962108                   /home/umang/Numers/app/build/intermediates/exploded-aar/com.android.support/appcompat-v7/24.0.0/jars/classes.jar
7faa0c010000-7faa0c766000 rw-p 00000000 00:00 0 
7faa0c766000-7faa0c93f000 r--s 03d1f000 08:04 4993490                    /usr/lib/jvm/java-8-oracle/jre/lib/rt.jar
7faa0c93f000-7faa0d035000 rw-p 00000000 00:00 0 
7faa0d035000-7faa0d1b5000 ---p 00000000 00:00 0 
7faa0d1b5000-7faa0d3b5000 rw-p 00000000 00:00 0 
7faa0d3b5000-7faa0d3b6000 ---p 00000000 00:00 0 
7faa0d3b6000-7faa0d4b6000 rw-p 00000000 00:00 0 
7faa0d4b6000-7faa0d4b7000 ---p 00000000 00:00 0 
7faa0d4b7000-7faa0d5b7000 rw-p 00000000 00:00 0 
7faa0d5b7000-7faa0d5b8000 ---p 00000000 00:00 0 
7faa0d5b8000-7faa0d6b8000 rw-p 00000000 00:00 0 
7faa0d6b8000-7faa0d6b9000 ---p 00000000 00:00 0 
7faa0d6b9000-7faa0d7ce000 rw-p 00000000 00:00 0 
7faa0d7ce000-7faa0d90f000 ---p 00000000 00:00 0 
7faa0d90f000-7faa0d924000 rw-p 00000000 00:00 0 
7faa0d924000-7faa0da64000 ---p 00000000 00:00 0 
7faa0da64000-7faa0dab1000 rw-p 00000000 00:00 0 
7faa0dab1000-7faa0db0f000 ---p 00000000 00:00 0 
7faa0db0f000-7faa0db2d000 rw-p 00000000 00:00 0 
7faa0db2d000-7faa0ded0000 ---p 00000000 00:00 0 
7faa0ded0000-7faa0deea000 r-xp 00000000 08:04 4993714                    /usr/lib/jvm/java-8-oracle/jre/lib/amd64/libzip.so
7faa0deea000-7faa0e0ea000 ---p 0001a000 08:04 4993714                    /usr/lib/jvm/java-8-oracle/jre/lib/amd64/libzip.so
7faa0e0ea000-7faa0e0eb000 rw-p 0001a000 08:04 4993714                    /usr/lib/jvm/java-8-oracle/jre/lib/amd64/libzip.so
7faa0e0eb000-7faa0e0f6000 r-xp 00000000 08:04 4067995                    /lib/x86_64-linux-gnu/libnss_files-2.23.so
7faa0e0f6000-7faa0e2f5000 ---p 0000b000 08:04 4067995                    /lib/x86_64-linux-gnu/libnss_files-2.23.so
7faa0e2f5000-7faa0e2f6000 r--p 0000a000 08:04 4067995                    /lib/x86_64-linux-gnu/libnss_files-2.23.so
7faa0e2f6000-7faa0e2f7000 rw-p 0000b000 08:04 4067995                    /lib/x86_64-linux-gnu/libnss_files-2.23.so
7faa0e2f7000-7faa0e2fd000 rw-p 00000000 00:00 0 
7faa0e2fd000-7faa0e308000 r-xp 00000000 08:04 4068005                    /lib/x86_64-linux-gnu/libnss_nis-2.23.so
7faa0e308000-7faa0e507000 ---p 0000b000 08:04 4068005                    /lib/x86_64-linux-gnu/libnss_nis-2.23.so
7faa0e507000-7faa0e508000 r--p 0000a000 08:04 4068005                    /lib/x86_64-linux-gnu/libnss_nis-2.23.so
7faa0e508000-7faa0e509000 rw-p 0000b000 08:04 4068005                    /lib/x86_64-linux-gnu/libnss_nis-2.23.so
7faa0e509000-7faa0e51f000 r-xp 00000000 08:04 4067989                    /lib/x86_64-linux-gnu/libnsl-2.23.so
7faa0e51f000-7faa0e71e000 ---p 00016000 08:04 4067989                    /lib/x86_64-linux-gnu/libnsl-2.23.so
7faa0e71e000-7faa0e71f000 r--p 00015000 08:04 4067989                    /lib/x86_64-linux-gnu/libnsl-2.23.so
7faa0e71f000-7faa0e720000 rw-p 00016000 08:04 4067989                    /lib/x86_64-linux-gnu/libnsl-2.23.so
7faa0e720000-7faa0e722000 rw-p 00000000 00:00 0 
7faa0e722000-7faa0e72a000 r-xp 00000000 08:04 4067991                    /lib/x86_64-linux-gnu/libnss_compat-2.23.so
7faa0e72a000-7faa0e929000 ---p 00008000 08:04 4067991                    /lib/x86_64-linux-gnu/libnss_compat-2.23.so
7faa0e929000-7faa0e92a000 r--p 00007000 08:04 4067991                    /lib/x86_64-linux-gnu/libnss_compat-2.23.so
7faa0e92a000-7faa0e92b000 rw-p 00008000 08:04 4067991                    /lib/x86_64-linux-gnu/libnss_compat-2.23.so
7faa0e92b000-7faa0e955000 r-xp 00000000 08:04 4993709                    /usr/lib/jvm/java-8-oracle/jre/lib/amd64/libjava.so
7faa0e955000-7faa0eb55000 ---p 0002a000 08:04 4993709                    /usr/lib/jvm/java-8-oracle/jre/lib/amd64/libjava.so
7faa0eb55000-7faa0eb57000 rw-p 0002a000 08:04 4993709                    /usr/lib/jvm/java-8-oracle/jre/lib/amd64/libjava.so
7faa0eb57000-7faa0eb64000 r-xp 00000000 08:04 4993713                    /usr/lib/jvm/java-8-oracle/jre/lib/amd64/libverify.so
7faa0eb64000-7faa0ed64000 ---p 0000d000 08:04 4993713                    /usr/lib/jvm/java-8-oracle/jre/lib/amd64/libverify.so
7faa0ed64000-7faa0ed66000 rw-p 0000d000 08:04 4993713                    /usr/lib/jvm/java-8-oracle/jre/lib/amd64/libverify.so
7faa0ed66000-7faa0ed6d000 r-xp 00000000 08:04 4068050                    /lib/x86_64-linux-gnu/librt-2.23.so
7faa0ed6d000-7faa0ef6c000 ---p 00007000 08:04 4068050                    /lib/x86_64-linux-gnu/librt-2.23.so
7faa0ef6c000-7faa0ef6d000 r--p 00006000 08:04 4068050                    /lib/x86_64-linux-gnu/librt-2.23.so
7faa0ef6d000-7faa0ef6e000 rw-p 00007000 08:04 4068050                    /lib/x86_64-linux-gnu/librt-2.23.so
7faa0ef6e000-7faa0f076000 r-xp 00000000 08:04 4067966                    /lib/x86_64-linux-gnu/libm-2.23.so
7faa0f076000-7faa0f275000 ---p 00108000 08:04 4067966                    /lib/x86_64-linux-gnu/libm-2.23.so
7faa0f275000-7faa0f276000 r--p 00107000 08:04 4067966                    /lib/x86_64-linux-gnu/libm-2.23.so
7faa0f276000-7faa0f277000 rw-p 00108000 08:04 4067966                    /lib/x86_64-linux-gnu/libm-2.23.so
7faa0f277000-7faa0ff37000 r-xp 00000000 08:04 4993744                    /usr/lib/jvm/java-8-oracle/jre/lib/amd64/server/libjvm.so
7faa0ff37000-7faa10137000 ---p 00cc0000 08:04 4993744                    /usr/lib/jvm/java-8-oracle/jre/lib/amd64/server/libjvm.so
7faa10137000-7faa1020f000 rw-p 00cc0000 08:04 4993744                    /usr/lib/jvm/java-8-oracle/jre/lib/amd64/server/libjvm.so
7faa1020f000-7faa1025a000 rw-p 00000000 00:00 0 
7faa1025a000-7faa1041a000 r-xp 00000000 08:04 4067896                    /lib/x86_64-linux-gnu/libc-2.23.so
7faa1041a000-7faa10619000 ---p 001c0000 08:04 4067896                    /lib/x86_64-linux-gnu/libc-2.23.so
7faa10619000-7faa1061d000 r--p 001bf000 08:04 4067896                    /lib/x86_64-linux-gnu/libc-2.23.so
7faa1061d000-7faa1061f000 rw-p 001c3000 08:04 4067896                    /lib/x86_64-linux-gnu/libc-2.23.so
7faa1061f000-7faa10623000 rw-p 00000000 00:00 0 
7faa10623000-7faa10626000 r-xp 00000000 08:04 4067920                    /lib/x86_64-linux-gnu/libdl-2.23.so
7faa10626000-7faa10825000 ---p 00003000 08:04 4067920                    /lib/x86_64-linux-gnu/libdl-2.23.so
7faa10825000-7faa10826000 r--p 00002000 08:04 4067920                    /lib/x86_64-linux-gnu/libdl-2.23.so
7faa10826000-7faa10827000 rw-p 00003000 08:04 4067920                    /lib/x86_64-linux-gnu/libdl-2.23.so
7faa10827000-7faa1083c000 r-xp 00000000 08:04 4993391                    /usr/lib/jvm/java-8-oracle/lib/amd64/jli/libjli.so
7faa1083c000-7faa10a3c000 ---p 00015000 08:04 4993391                    /usr/lib/jvm/java-8-oracle/lib/amd64/jli/libjli.so
7faa10a3c000-7faa10a3d000 rw-p 00015000 08:04 4993391                    /usr/lib/jvm/java-8-oracle/lib/amd64/jli/libjli.so
7faa10a3d000-7faa10a55000 r-xp 00000000 08:04 4068042                    /lib/x86_64-linux-gnu/libpthread-2.23.so
7faa10a55000-7faa10c54000 ---p 00018000 08:04 4068042                    /lib/x86_64-linux-gnu/libpthread-2.23.so
7faa10c54000-7faa10c55000 r--p 00017000 08:04 4068042                    /lib/x86_64-linux-gnu/libpthread-2.23.so
7faa10c55000-7faa10c56000 rw-p 00018000 08:04 4068042                    /lib/x86_64-linux-gnu/libpthread-2.23.so
7faa10c56000-7faa10c5a000 rw-p 00000000 00:00 0 
7faa10c5a000-7faa10c80000 r-xp 00000000 08:04 4067868                    /lib/x86_64-linux-gnu/ld-2.23.so
7faa10c83000-7faa10d5c000 rw-p 00000000 00:00 0 
7faa10d5c000-7faa10d5f000 ---p 00000000 00:00 0 
7faa10d5f000-7faa10e61000 rw-p 00000000 00:00 0 
7faa10e65000-7faa10e73000 r--s 000e0000 08:04 928906                     /home/umang/Android/Sdk/build-tools/24.0.0/lib/dx.jar
7faa10e73000-7faa10e7b000 rw-s 00000000 08:04 929234                     /tmp/hsperfdata_umang/9171
7faa10e7b000-7faa10e7c000 rw-p 00000000 00:00 0 
7faa10e7c000-7faa10e7d000 ---p 00000000 00:00 0 
7faa10e7d000-7faa10e7f000 rw-p 00000000 00:00 0 
7faa10e7f000-7faa10e80000 r--p 00025000 08:04 4067868                    /lib/x86_64-linux-gnu/ld-2.23.so
7faa10e80000-7faa10e81000 rw-p 00026000 08:04 4067868                    /lib/x86_64-linux-gnu/ld-2.23.so
7faa10e81000-7faa10e82000 rw-p 00000000 00:00 0 
7ffd8d6e3000-7ffd8d705000 rw-p 00000000 00:00 0                          [stack]
7ffd8d78d000-7ffd8d78f000 r--p 00000000 00:00 0                          [vvar]
7ffd8d78f000-7ffd8d791000 r-xp 00000000 00:00 0                          [vdso]
ffffffffff600000-ffffffffff601000 r-xp 00000000 00:00 0                  [vsyscall]

VM Arguments:
jvm_args: -Djava.awt.headless=true -Xmx1024M -Dfile.encoding=UTF-8 -Duser.country=IN -Duser.language=en -Duser.variant 
java_command: com.android.dx.command.Main --dex --force-jumbo --num-threads=4 --multi-dex --output /home/umang/Numers/app/build/intermediates/transforms/dex/debug/folders/1000/10/com.android.support-appcompat-v7-24.0.0_26a41d12adad26d23605a5309b3b1fca2b5646ac /home/umang/Numers/app/build/intermediates/exploded-aar/com.android.support/appcompat-v7/24.0.0/jars/classes.jar
java_class_path (initial): /home/umang/Android/Sdk/build-tools/24.0.0/lib/dx.jar
Launcher Type: SUN_STANDARD

Environment Variables:
JAVA_HOME=/usr/lib/jvm/java-8-oracle
PATH=/usr/local/sbin:/usr/local/bin:/usr/sbin:/usr/bin:/sbin:/bin:/usr/games:/usr/local/games:/snap/bin:/usr/lib/jvm/java-8-oracle/bin:/usr/lib/jvm/java-8-oracle/db/bin:/usr/lib/jvm/java-8-oracle/jre/bin
LD_LIBRARY_PATH=.:
SHELL=/bin/bash
DISPLAY=:0

Signal Handlers:
SIGSEGV: [libjvm.so+0xabca10], sa_mask[0]=11111111011111111101111111111110, sa_flags=SA_RESTART|SA_SIGINFO
SIGBUS: [libjvm.so+0xabca10], sa_mask[0]=11111111011111111101111111111110, sa_flags=SA_RESTART|SA_SIGINFO
SIGFPE: [libjvm.so+0x919a20], sa_mask[0]=11111111011111111101111111111110, sa_flags=SA_RESTART|SA_SIGINFO
SIGPIPE: [libjvm.so+0x919a20], sa_mask[0]=11111111011111111101111111111110, sa_flags=SA_RESTART|SA_SIGINFO
SIGXFSZ: [libjvm.so+0x919a20], sa_mask[0]=11111111011111111101111111111110, sa_flags=SA_RESTART|SA_SIGINFO
SIGILL: [libjvm.so+0x919a20], sa_mask[0]=11111111011111111101111111111110, sa_flags=SA_RESTART|SA_SIGINFO
SIGUSR1: SIG_DFL, sa_mask[0]=00000000000000000000000000000000, sa_flags=none
SIGUSR2: [libjvm.so+0x91b050], sa_mask[0]=00100000000000000000000000000000, sa_flags=SA_RESTART|SA_SIGINFO
SIGHUP: [libjvm.so+0x91c450], sa_mask[0]=11111111011111111101111111111110, sa_flags=SA_RESTART|SA_SIGINFO
SIGINT: [libjvm.so+0x91c450], sa_mask[0]=11111111011111111101111111111110, sa_flags=SA_RESTART|SA_SIGINFO
SIGTERM: [libjvm.so+0x91c450], sa_mask[0]=11111111011111111101111111111110, sa_flags=SA_RESTART|SA_SIGINFO
SIGQUIT: [libjvm.so+0x91c450], sa_mask[0]=11111111011111111101111111111110, sa_flags=SA_RESTART|SA_SIGINFO


---------------  S Y S T E M  ---------------

OS:DISTRIB_ID=Ubuntu
DISTRIB_RELEASE=16.10
DISTRIB_CODENAME=yakkety
DISTRIB_DESCRIPTION="Ubuntu Yakkety Yak (development branch)"

uname:Linux 4.4.0-25-generic #44-Ubuntu SMP Fri Jun 10 18:19:48 UTC 2016 x86_64
libc:glibc 2.23 NPTL 2.23 
rlimit: STACK 8192k, CORE 0k, NPROC 15400, NOFILE 65536, AS infinity
load average:3.84 1.56 1.29

/proc/meminfo:
MemTotal:        3981144 kB
MemFree:          115008 kB
MemAvailable:      36652 kB
Buffers:            4264 kB
Cached:           352300 kB
SwapCached:            0 kB
Active:          3366800 kB
Inactive:         310260 kB
Active(anon):    3343116 kB
Inactive(anon):   287112 kB
Active(file):      23684 kB
Inactive(file):    23148 kB
Unevictable:          52 kB
Mlocked:              52 kB
SwapTotal:             0 kB
SwapFree:              0 kB
Dirty:              5232 kB
Writeback:          4516 kB
AnonPages:       3321024 kB
Mapped:            80224 kB
Shmem:            309284 kB
Slab:              80692 kB
SReclaimable:      41540 kB
SUnreclaim:        39152 kB
KernelStack:       10720 kB
PageTables:        38364 kB
NFS_Unstable:          0 kB
Bounce:                0 kB
WritebackTmp:          0 kB
CommitLimit:     1990572 kB
Committed_AS:    6996096 kB
VmallocTotal:   34359738367 kB
VmallocUsed:           0 kB
VmallocChunk:          0 kB
HardwareCorrupted:     0 kB
AnonHugePages:   1992704 kB
CmaTotal:              0 kB
CmaFree:               0 kB
HugePages_Total:       0
HugePages_Free:        0
HugePages_Rsvd:        0
HugePages_Surp:        0
Hugepagesize:       2048 kB
DirectMap4k:      201408 kB
DirectMap2M:     3928064 kB
DirectMap1G:     1048576 kB


CPU:total 4 (2 cores per cpu, 2 threads per core) family 6 model 69 stepping 1, cmov, cx8, fxsr, mmx, sse, sse2, sse3, ssse3, sse4.1, sse4.2, popcnt, avx, avx2, aes, clmul, erms, lzcnt, ht, tsc, tscinvbit, bmi1, bmi2

/proc/cpuinfo:
processor	: 0
vendor_id	: GenuineIntel
cpu family	: 6
model		: 69
model name	: Intel(R) Core(TM) i3-4005U CPU @ 1.70GHz
stepping	: 1
microcode	: 0x1c
cpu MHz		: 1690.371
cache size	: 3072 KB
physical id	: 0
siblings	: 4
core id		: 0
cpu cores	: 2
apicid		: 0
initial apicid	: 0
fpu		: yes
fpu_exception	: yes
cpuid level	: 13
wp		: yes
flags		: fpu vme de pse tsc msr pae mce cx8 apic sep mtrr pge mca cmov pat pse36 clflush dts acpi mmx fxsr sse sse2 ss ht tm pbe syscall nx pdpe1gb rdtscp lm constant_tsc arch_perfmon pebs bts rep_good nopl xtopology nonstop_tsc aperfmperf eagerfpu pni pclmulqdq dtes64 monitor ds_cpl vmx est tm2 ssse3 sdbg fma cx16 xtpr pdcm pcid sse4_1 sse4_2 movbe popcnt tsc_deadline_timer aes xsave avx f16c rdrand lahf_lm abm epb tpr_shadow vnmi flexpriority ept vpid fsgsbase tsc_adjust bmi1 avx2 smep bmi2 erms invpcid xsaveopt dtherm ida arat pln pts
bugs		:
bogomips	: 3392.33
clflush size	: 64
cache_alignment	: 64
address sizes	: 39 bits physical, 48 bits virtual
power management:

processor	: 1
vendor_id	: GenuineIntel
cpu family	: 6
model		: 69
model name	: Intel(R) Core(TM) i3-4005U CPU @ 1.70GHz
stepping	: 1
microcode	: 0x1c
cpu MHz		: 1648.734
cache size	: 3072 KB
physical id	: 0
siblings	: 4
core id		: 0
cpu cores	: 2
apicid		: 1
initial apicid	: 1
fpu		: yes
fpu_exception	: yes
cpuid level	: 13
wp		: yes
flags		: fpu vme de pse tsc msr pae mce cx8 apic sep mtrr pge mca cmov pat pse36 clflush dts acpi mmx fxsr sse sse2 ss ht tm pbe syscall nx pdpe1gb rdtscp lm constant_tsc arch_perfmon pebs bts rep_good nopl xtopology nonstop_tsc aperfmperf eagerfpu pni pclmulqdq dtes64 monitor ds_cpl vmx est tm2 ssse3 sdbg fma cx16 xtpr pdcm pcid sse4_1 sse4_2 movbe popcnt tsc_deadline_timer aes xsave avx f16c rdrand lahf_lm abm epb tpr_shadow vnmi flexpriority ept vpid fsgsbase tsc_adjust bmi1 avx2 smep bmi2 erms invpcid xsaveopt dtherm ida arat pln pts
bugs		:
bogomips	: 3392.33
clflush size	: 64
cache_alignment	: 64
address sizes	: 39 bits physical, 48 bits virtual
power management:

processor	: 2
vendor_id	: GenuineIntel
cpu family	: 6
model		: 69
model name	: Intel(R) Core(TM) i3-4005U CPU @ 1.70GHz
stepping	: 1
microcode	: 0x1c
cpu MHz		: 1640.234
cache size	: 3072 KB
physical id	: 0
siblings	: 4
core id		: 1
cpu cores	: 2
apicid		: 2
initial apicid	: 2
fpu		: yes
fpu_exception	: yes
cpuid level	: 13
wp		: yes
flags		: fpu vme de pse tsc msr pae mce cx8 apic sep mtrr pge mca cmov pat pse36 clflush dts acpi mmx fxsr sse sse2 ss ht tm pbe syscall nx pdpe1gb rdtscp lm constant_tsc arch_perfmon pebs bts rep_good nopl xtopology nonstop_tsc aperfmperf eagerfpu pni pclmulqdq dtes64 monitor ds_cpl vmx est tm2 ssse3 sdbg fma cx16 xtpr pdcm pcid sse4_1 sse4_2 movbe popcnt tsc_deadline_timer aes xsave avx f16c rdrand lahf_lm abm epb tpr_shadow vnmi flexpriority ept vpid fsgsbase tsc_adjust bmi1 avx2 smep bmi2 erms invpcid xsaveopt dtherm ida arat pln pts
bugs		:
bogomips	: 3392.33
clflush size	: 64
cache_alignment	: 64
address sizes	: 39 bits physical, 48 bits virtual
power management:

processor	: 3
vendor_id	: GenuineIntel
cpu family	: 6
model		: 69
model name	: Intel(R) Core(TM) i3-4005U CPU @ 1.70GHz
stepping	: 1
microcode	: 0x1c
cpu MHz		: 1693.558
cache size	: 3072 KB
physical id	: 0
siblings	: 4
core id		: 1
cpu cores	: 2
apicid		: 3
initial apicid	: 3
fpu		: yes
fpu_exception	: yes
cpuid level	: 13
wp		: yes
flags		: fpu vme de pse tsc msr pae mce cx8 apic sep mtrr pge mca cmov pat pse36 clflush dts acpi mmx fxsr sse sse2 ss ht tm pbe syscall nx pdpe1gb rdtscp lm constant_tsc arch_perfmon pebs bts rep_good nopl xtopology nonstop_tsc aperfmperf eagerfpu pni pclmulqdq dtes64 monitor ds_cpl vmx est tm2 ssse3 sdbg fma cx16 xtpr pdcm pcid sse4_1 sse4_2 movbe popcnt tsc_deadline_timer aes xsave avx f16c rdrand lahf_lm abm epb tpr_shadow vnmi flexpriority ept vpid fsgsbase tsc_adjust bmi1 avx2 smep bmi2 erms invpcid xsaveopt dtherm ida arat pln pts
bugs		:
bogomips	: 3392.33
clflush size	: 64
cache_alignment	: 64
address sizes	: 39 bits physical, 48 bits virtual
power management:



Memory: 4k page, physical 3981144k(115008k free), swap 0k(0k free)

vm_info: Java HotSpot(TM) 64-Bit Server VM (25.91-b14) for linux-amd64 JRE (1.8.0_91-b14), built on Apr  1 2016 00:57:21 by "java_re" with gcc 4.3.0 20080428 (Red Hat 4.3.0-8)

time: Mon Jun 27 15:36:49 2016
elapsed time: 16 seconds (0d 0h 0m 16s)

